2024-08-25 17:00:29,335 DEBUG [background-preinit][LoggerProviders.java:162] - Logging Provider: org.jboss.logging.Log4j2LoggerProvider
2024-08-25 17:00:29,335 DEBUG [background-preinit][LoggerProviders.java:162] - Logging Provider: org.jboss.logging.Log4j2LoggerProvider
2024-08-25 17:00:29,340 INFO [background-preinit][Version.java:21] - HV000001: Hibernate Validator 8.0.1.Final
2024-08-25 17:00:29,340 INFO [background-preinit][Version.java:21] - HV000001: Hibernate Validator 8.0.1.Final
2024-08-25 17:00:29,348 DEBUG [background-preinit][ValidationXmlParser.java:122] - Trying to load META-INF/validation.xml for XML based Validator configuration.
2024-08-25 17:00:29,348 DEBUG [background-preinit][ValidationXmlParser.java:122] - Trying to load META-INF/validation.xml for XML based Validator configuration.
2024-08-25 17:00:29,350 DEBUG [background-preinit][ResourceLoaderHelper.java:61] - Trying to load META-INF/validation.xml via TCCL
2024-08-25 17:00:29,350 DEBUG [background-preinit][ResourceLoaderHelper.java:61] - Trying to load META-INF/validation.xml via TCCL
2024-08-25 17:00:29,351 DEBUG [background-preinit][ResourceLoaderHelper.java:67] - Trying to load META-INF/validation.xml via Hibernate Validator's class loader
2024-08-25 17:00:29,351 DEBUG [background-preinit][ResourceLoaderHelper.java:67] - Trying to load META-INF/validation.xml via Hibernate Validator's class loader
2024-08-25 17:00:29,352 DEBUG [background-preinit][ValidationXmlParser.java:129] - No META-INF/validation.xml found. Using annotation based configuration only.
2024-08-25 17:00:29,352 DEBUG [background-preinit][ValidationXmlParser.java:129] - No META-INF/validation.xml found. Using annotation based configuration only.
2024-08-25 17:00:29,356 DEBUG [background-preinit][TraversableResolvers.java:61] - Cannot find jakarta.persistence.Persistence on classpath. Assuming non JPA 2 environment. All properties will per default be traversable.
2024-08-25 17:00:29,356 DEBUG [background-preinit][TraversableResolvers.java:61] - Cannot find jakarta.persistence.Persistence on classpath. Assuming non JPA 2 environment. All properties will per default be traversable.
2024-08-25 17:00:29,359 INFO [main][StartupInfoLogger.java:50] - Starting ContentBaseMapperTests using Java 17.0.12 with PID 92689 (started by luke_ub in /home/luke_ub/development/raggie/raggie-online/raggie-content/raggie-content-service)
2024-08-25 17:00:29,359 INFO [main][StartupInfoLogger.java:50] - Starting ContentBaseMapperTests using Java 17.0.12 with PID 92689 (started by luke_ub in /home/luke_ub/development/raggie/raggie-online/raggie-content/raggie-content-service)
2024-08-25 17:00:29,360 DEBUG [main][StartupInfoLogger.java:51] - Running with Spring Boot v3.2.9, Spring v6.1.12
2024-08-25 17:00:29,360 DEBUG [main][StartupInfoLogger.java:51] - Running with Spring Boot v3.2.9, Spring v6.1.12
2024-08-25 17:00:29,362 INFO [main][SpringApplication.java:654] - No active profile set, falling back to 1 default profile: "default"
2024-08-25 17:00:29,362 INFO [main][SpringApplication.java:654] - No active profile set, falling back to 1 default profile: "default"
2024-08-25 17:00:29,390 DEBUG [background-preinit][ResourceBundleMessageInterpolator.java:175] - Loaded expression factory via original TCCL
2024-08-25 17:00:29,390 DEBUG [background-preinit][ResourceBundleMessageInterpolator.java:175] - Loaded expression factory via original TCCL
2024-08-25 17:00:29,451 DEBUG [background-preinit][ValidatorFactoryConfigurationHelper.java:355] - HV000252: Using org.hibernate.validator.internal.engine.DefaultPropertyNodeNameProvider as property node name provider.
2024-08-25 17:00:29,451 DEBUG [background-preinit][ValidatorFactoryConfigurationHelper.java:355] - HV000252: Using org.hibernate.validator.internal.engine.DefaultPropertyNodeNameProvider as property node name provider.
2024-08-25 17:00:29,455 DEBUG [background-preinit][ValidatorFactoryConfigurationHelper.java:447] - HV000234: Using org.hibernate.validator.messageinterpolation.ResourceBundleMessageInterpolator as ValidatorFactory-scoped message interpolator.
2024-08-25 17:00:29,455 DEBUG [background-preinit][ValidatorFactoryConfigurationHelper.java:447] - HV000234: Using org.hibernate.validator.messageinterpolation.ResourceBundleMessageInterpolator as ValidatorFactory-scoped message interpolator.
2024-08-25 17:00:29,455 DEBUG [background-preinit][ValidatorFactoryConfigurationHelper.java:448] - HV000234: Using org.hibernate.validator.internal.engine.resolver.TraverseAllTraversableResolver as ValidatorFactory-scoped traversable resolver.
2024-08-25 17:00:29,455 DEBUG [background-preinit][ValidatorFactoryConfigurationHelper.java:448] - HV000234: Using org.hibernate.validator.internal.engine.resolver.TraverseAllTraversableResolver as ValidatorFactory-scoped traversable resolver.
2024-08-25 17:00:29,455 DEBUG [background-preinit][ValidatorFactoryConfigurationHelper.java:449] - HV000234: Using org.hibernate.validator.internal.util.ExecutableParameterNameProvider as ValidatorFactory-scoped parameter name provider.
2024-08-25 17:00:29,455 DEBUG [background-preinit][ValidatorFactoryConfigurationHelper.java:449] - HV000234: Using org.hibernate.validator.internal.util.ExecutableParameterNameProvider as ValidatorFactory-scoped parameter name provider.
2024-08-25 17:00:29,456 DEBUG [background-preinit][ValidatorFactoryConfigurationHelper.java:450] - HV000234: Using org.hibernate.validator.internal.engine.DefaultClockProvider as ValidatorFactory-scoped clock provider.
2024-08-25 17:00:29,456 DEBUG [background-preinit][ValidatorFactoryConfigurationHelper.java:450] - HV000234: Using org.hibernate.validator.internal.engine.DefaultClockProvider as ValidatorFactory-scoped clock provider.
2024-08-25 17:00:29,456 DEBUG [background-preinit][ValidatorFactoryConfigurationHelper.java:451] - HV000234: Using org.hibernate.validator.internal.engine.scripting.DefaultScriptEvaluatorFactory as ValidatorFactory-scoped script evaluator factory.
2024-08-25 17:00:29,456 DEBUG [background-preinit][ValidatorFactoryConfigurationHelper.java:451] - HV000234: Using org.hibernate.validator.internal.engine.scripting.DefaultScriptEvaluatorFactory as ValidatorFactory-scoped script evaluator factory.
2024-08-25 17:00:29,934 DEBUG [main][LogFactory.java:109] - Logging initialized using 'class org.apache.ibatis.logging.slf4j.Slf4jImpl' adapter.
2024-08-25 17:00:29,934 DEBUG [main][LogFactory.java:109] - Logging initialized using 'class org.apache.ibatis.logging.slf4j.Slf4jImpl' adapter.
2024-08-25 17:00:30,009 INFO [main][GenericScope.java:282] - BeanFactory id=bbb71367-4758-39e2-9e83-3291aba4d1ac
2024-08-25 17:00:30,009 INFO [main][GenericScope.java:282] - BeanFactory id=bbb71367-4758-39e2-9e83-3291aba4d1ac
2024-08-25 17:00:30,102 DEBUG [main][HikariConfig.java:968] - Driver class com.mysql.cj.jdbc.Driver found in Thread context class loader jdk.internal.loader.ClassLoaders$AppClassLoader@2cdf8d8a
2024-08-25 17:00:30,102 DEBUG [main][HikariConfig.java:968] - Driver class com.mysql.cj.jdbc.Driver found in Thread context class loader jdk.internal.loader.ClassLoaders$AppClassLoader@2cdf8d8a
2024-08-25 17:00:30,176 DEBUG [main][Logger.java:49] - Registered plugin: 'com.baomidou.mybatisplus.extension.plugins.MybatisPlusInterceptor@3c952a33'
2024-08-25 17:00:30,176 DEBUG [main][Logger.java:49] - Registered plugin: 'com.baomidou.mybatisplus.extension.plugins.MybatisPlusInterceptor@3c952a33'
2024-08-25 17:00:30,178 DEBUG [main][Logger.java:49] - Property 'mapperLocations' was not specified.
2024-08-25 17:00:30,178 DEBUG [main][Logger.java:49] - Property 'mapperLocations' was not specified.
2024-08-25 17:00:30,183 DEBUG [main][Sequence.java:88] - Initialization Sequence datacenterId:1 workerId:13
2024-08-25 17:00:30,183 DEBUG [main][Sequence.java:88] - Initialization Sequence datacenterId:1 workerId:13
2024-08-25 17:00:30,209 DEBUG [main][ResourceBundleMessageInterpolator.java:175] - Loaded expression factory via original TCCL
2024-08-25 17:00:30,209 DEBUG [main][ResourceBundleMessageInterpolator.java:175] - Loaded expression factory via original TCCL
2024-08-25 17:00:30,211 DEBUG [main][AbstractConfigurationImpl.java:176] - Setting custom MessageInterpolator of type org.springframework.validation.beanvalidation.LocaleContextMessageInterpolator
2024-08-25 17:00:30,211 DEBUG [main][AbstractConfigurationImpl.java:176] - Setting custom MessageInterpolator of type org.springframework.validation.beanvalidation.LocaleContextMessageInterpolator
2024-08-25 17:00:30,212 DEBUG [main][AbstractConfigurationImpl.java:208] - Setting custom ConstraintValidatorFactory of type org.springframework.validation.beanvalidation.SpringConstraintValidatorFactory
2024-08-25 17:00:30,212 DEBUG [main][AbstractConfigurationImpl.java:208] - Setting custom ConstraintValidatorFactory of type org.springframework.validation.beanvalidation.SpringConstraintValidatorFactory
2024-08-25 17:00:30,214 DEBUG [main][ValidationXmlParser.java:122] - Trying to load META-INF/validation.xml for XML based Validator configuration.
2024-08-25 17:00:30,214 DEBUG [main][ValidationXmlParser.java:122] - Trying to load META-INF/validation.xml for XML based Validator configuration.
2024-08-25 17:00:30,215 DEBUG [main][ResourceLoaderHelper.java:54] - Trying to load META-INF/validation.xml via user class loader
2024-08-25 17:00:30,215 DEBUG [main][ResourceLoaderHelper.java:54] - Trying to load META-INF/validation.xml via user class loader
2024-08-25 17:00:30,215 DEBUG [main][ResourceLoaderHelper.java:61] - Trying to load META-INF/validation.xml via TCCL
2024-08-25 17:00:30,215 DEBUG [main][ResourceLoaderHelper.java:61] - Trying to load META-INF/validation.xml via TCCL
2024-08-25 17:00:30,216 DEBUG [main][ResourceLoaderHelper.java:67] - Trying to load META-INF/validation.xml via Hibernate Validator's class loader
2024-08-25 17:00:30,216 DEBUG [main][ResourceLoaderHelper.java:67] - Trying to load META-INF/validation.xml via Hibernate Validator's class loader
2024-08-25 17:00:30,217 DEBUG [main][ValidationXmlParser.java:129] - No META-INF/validation.xml found. Using annotation based configuration only.
2024-08-25 17:00:30,217 DEBUG [main][ValidationXmlParser.java:129] - No META-INF/validation.xml found. Using annotation based configuration only.
2024-08-25 17:00:30,217 DEBUG [main][TraversableResolvers.java:61] - Cannot find jakarta.persistence.Persistence on classpath. Assuming non JPA 2 environment. All properties will per default be traversable.
2024-08-25 17:00:30,217 DEBUG [main][TraversableResolvers.java:61] - Cannot find jakarta.persistence.Persistence on classpath. Assuming non JPA 2 environment. All properties will per default be traversable.
2024-08-25 17:00:30,223 DEBUG [main][ValidatorFactoryConfigurationHelper.java:355] - HV000252: Using org.hibernate.validator.internal.engine.DefaultPropertyNodeNameProvider as property node name provider.
2024-08-25 17:00:30,223 DEBUG [main][ValidatorFactoryConfigurationHelper.java:355] - HV000252: Using org.hibernate.validator.internal.engine.DefaultPropertyNodeNameProvider as property node name provider.
2024-08-25 17:00:30,224 DEBUG [main][ValidatorFactoryConfigurationHelper.java:447] - HV000234: Using org.springframework.validation.beanvalidation.LocaleContextMessageInterpolator as ValidatorFactory-scoped message interpolator.
2024-08-25 17:00:30,224 DEBUG [main][ValidatorFactoryConfigurationHelper.java:447] - HV000234: Using org.springframework.validation.beanvalidation.LocaleContextMessageInterpolator as ValidatorFactory-scoped message interpolator.
2024-08-25 17:00:30,225 DEBUG [main][ValidatorFactoryConfigurationHelper.java:448] - HV000234: Using org.hibernate.validator.internal.engine.resolver.TraverseAllTraversableResolver as ValidatorFactory-scoped traversable resolver.
2024-08-25 17:00:30,225 DEBUG [main][ValidatorFactoryConfigurationHelper.java:448] - HV000234: Using org.hibernate.validator.internal.engine.resolver.TraverseAllTraversableResolver as ValidatorFactory-scoped traversable resolver.
2024-08-25 17:00:30,225 DEBUG [main][ValidatorFactoryConfigurationHelper.java:449] - HV000234: Using org.hibernate.validator.internal.util.ExecutableParameterNameProvider as ValidatorFactory-scoped parameter name provider.
2024-08-25 17:00:30,225 DEBUG [main][ValidatorFactoryConfigurationHelper.java:449] - HV000234: Using org.hibernate.validator.internal.util.ExecutableParameterNameProvider as ValidatorFactory-scoped parameter name provider.
2024-08-25 17:00:30,226 DEBUG [main][ValidatorFactoryConfigurationHelper.java:450] - HV000234: Using org.hibernate.validator.internal.engine.DefaultClockProvider as ValidatorFactory-scoped clock provider.
2024-08-25 17:00:30,226 DEBUG [main][ValidatorFactoryConfigurationHelper.java:450] - HV000234: Using org.hibernate.validator.internal.engine.DefaultClockProvider as ValidatorFactory-scoped clock provider.
2024-08-25 17:00:30,226 DEBUG [main][ValidatorFactoryConfigurationHelper.java:451] - HV000234: Using org.hibernate.validator.internal.engine.scripting.DefaultScriptEvaluatorFactory as ValidatorFactory-scoped script evaluator factory.
2024-08-25 17:00:30,226 DEBUG [main][ValidatorFactoryConfigurationHelper.java:451] - HV000234: Using org.hibernate.validator.internal.engine.scripting.DefaultScriptEvaluatorFactory as ValidatorFactory-scoped script evaluator factory.
2024-08-25 17:00:30,758 INFO [main][StartupInfoLogger.java:56] - Started ContentBaseMapperTests in 1.68 seconds (process running for 2.839)
2024-08-25 17:00:30,758 INFO [main][StartupInfoLogger.java:56] - Started ContentBaseMapperTests in 1.68 seconds (process running for 2.839)
2024-08-25 17:00:30,763 DEBUG [main][DdlApplicationRunner.java:44] -   ...  DDL start create  ...  
2024-08-25 17:00:30,763 DEBUG [main][DdlApplicationRunner.java:44] -   ...  DDL start create  ...  
2024-08-25 17:00:30,764 DEBUG [main][DdlApplicationRunner.java:53] -   ...  DDL end create  ...  
2024-08-25 17:00:30,764 DEBUG [main][DdlApplicationRunner.java:53] -   ...  DDL end create  ...  
2024-08-25 17:00:31,345 DEBUG [main][HikariConfig.java:1100] - HikariPool-1 - configuration:
2024-08-25 17:00:31,345 DEBUG [main][HikariConfig.java:1100] - HikariPool-1 - configuration:
2024-08-25 17:00:31,347 DEBUG [main][HikariConfig.java:1132] - allowPoolSuspension.............false
2024-08-25 17:00:31,347 DEBUG [main][HikariConfig.java:1132] - allowPoolSuspension.............false
2024-08-25 17:00:31,349 DEBUG [main][HikariConfig.java:1132] - autoCommit......................true
2024-08-25 17:00:31,349 DEBUG [main][HikariConfig.java:1132] - autoCommit......................true
2024-08-25 17:00:31,349 DEBUG [main][HikariConfig.java:1132] - catalog.........................none
2024-08-25 17:00:31,349 DEBUG [main][HikariConfig.java:1132] - catalog.........................none
2024-08-25 17:00:31,349 DEBUG [main][HikariConfig.java:1132] - connectionInitSql...............none
2024-08-25 17:00:31,349 DEBUG [main][HikariConfig.java:1132] - connectionInitSql...............none
2024-08-25 17:00:31,350 DEBUG [main][HikariConfig.java:1132] - connectionTestQuery.............none
2024-08-25 17:00:31,350 DEBUG [main][HikariConfig.java:1132] - connectionTestQuery.............none
2024-08-25 17:00:31,350 DEBUG [main][HikariConfig.java:1132] - connectionTimeout...............30000
2024-08-25 17:00:31,350 DEBUG [main][HikariConfig.java:1132] - connectionTimeout...............30000
2024-08-25 17:00:31,351 DEBUG [main][HikariConfig.java:1132] - dataSource......................none
2024-08-25 17:00:31,351 DEBUG [main][HikariConfig.java:1132] - dataSource......................none
2024-08-25 17:00:31,351 DEBUG [main][HikariConfig.java:1132] - dataSourceClassName.............none
2024-08-25 17:00:31,351 DEBUG [main][HikariConfig.java:1132] - dataSourceClassName.............none
2024-08-25 17:00:31,351 DEBUG [main][HikariConfig.java:1132] - dataSourceJNDI..................none
2024-08-25 17:00:31,351 DEBUG [main][HikariConfig.java:1132] - dataSourceJNDI..................none
2024-08-25 17:00:31,352 DEBUG [main][HikariConfig.java:1132] - dataSourceProperties............{password=<masked>}
2024-08-25 17:00:31,352 DEBUG [main][HikariConfig.java:1132] - dataSourceProperties............{password=<masked>}
2024-08-25 17:00:31,352 DEBUG [main][HikariConfig.java:1132] - driverClassName................."com.mysql.cj.jdbc.Driver"
2024-08-25 17:00:31,352 DEBUG [main][HikariConfig.java:1132] - driverClassName................."com.mysql.cj.jdbc.Driver"
2024-08-25 17:00:31,353 DEBUG [main][HikariConfig.java:1132] - exceptionOverrideClassName......none
2024-08-25 17:00:31,353 DEBUG [main][HikariConfig.java:1132] - exceptionOverrideClassName......none
2024-08-25 17:00:31,353 DEBUG [main][HikariConfig.java:1132] - healthCheckProperties...........{}
2024-08-25 17:00:31,353 DEBUG [main][HikariConfig.java:1132] - healthCheckProperties...........{}
2024-08-25 17:00:31,353 DEBUG [main][HikariConfig.java:1132] - healthCheckRegistry.............none
2024-08-25 17:00:31,353 DEBUG [main][HikariConfig.java:1132] - healthCheckRegistry.............none
2024-08-25 17:00:31,354 DEBUG [main][HikariConfig.java:1132] - idleTimeout.....................600000
2024-08-25 17:00:31,354 DEBUG [main][HikariConfig.java:1132] - idleTimeout.....................600000
2024-08-25 17:00:31,354 DEBUG [main][HikariConfig.java:1132] - initializationFailTimeout.......1
2024-08-25 17:00:31,354 DEBUG [main][HikariConfig.java:1132] - initializationFailTimeout.......1
2024-08-25 17:00:31,354 DEBUG [main][HikariConfig.java:1132] - isolateInternalQueries..........false
2024-08-25 17:00:31,354 DEBUG [main][HikariConfig.java:1132] - isolateInternalQueries..........false
2024-08-25 17:00:31,355 DEBUG [main][HikariConfig.java:1132] - jdbcUrl.........................jdbc:mysql://127.0.0.1:3306/raggie_content?serverTimezone=UTC&userUnicode=true&useSSL=false
2024-08-25 17:00:31,355 DEBUG [main][HikariConfig.java:1132] - jdbcUrl.........................jdbc:mysql://127.0.0.1:3306/raggie_content?serverTimezone=UTC&userUnicode=true&useSSL=false
2024-08-25 17:00:31,355 DEBUG [main][HikariConfig.java:1132] - keepaliveTime...................0
2024-08-25 17:00:31,355 DEBUG [main][HikariConfig.java:1132] - keepaliveTime...................0
2024-08-25 17:00:31,356 DEBUG [main][HikariConfig.java:1132] - leakDetectionThreshold..........0
2024-08-25 17:00:31,356 DEBUG [main][HikariConfig.java:1132] - leakDetectionThreshold..........0
2024-08-25 17:00:31,356 DEBUG [main][HikariConfig.java:1132] - maxLifetime.....................1800000
2024-08-25 17:00:31,356 DEBUG [main][HikariConfig.java:1132] - maxLifetime.....................1800000
2024-08-25 17:00:31,356 DEBUG [main][HikariConfig.java:1132] - maximumPoolSize.................10
2024-08-25 17:00:31,356 DEBUG [main][HikariConfig.java:1132] - maximumPoolSize.................10
2024-08-25 17:00:31,357 DEBUG [main][HikariConfig.java:1132] - metricRegistry..................none
2024-08-25 17:00:31,357 DEBUG [main][HikariConfig.java:1132] - metricRegistry..................none
2024-08-25 17:00:31,357 DEBUG [main][HikariConfig.java:1132] - metricsTrackerFactory...........none
2024-08-25 17:00:31,357 DEBUG [main][HikariConfig.java:1132] - metricsTrackerFactory...........none
2024-08-25 17:00:31,358 DEBUG [main][HikariConfig.java:1132] - minimumIdle.....................10
2024-08-25 17:00:31,358 DEBUG [main][HikariConfig.java:1132] - minimumIdle.....................10
2024-08-25 17:00:31,358 DEBUG [main][HikariConfig.java:1132] - password........................<masked>
2024-08-25 17:00:31,358 DEBUG [main][HikariConfig.java:1132] - password........................<masked>
2024-08-25 17:00:31,358 DEBUG [main][HikariConfig.java:1132] - poolName........................"HikariPool-1"
2024-08-25 17:00:31,358 DEBUG [main][HikariConfig.java:1132] - poolName........................"HikariPool-1"
2024-08-25 17:00:31,361 DEBUG [main][HikariConfig.java:1132] - readOnly........................false
2024-08-25 17:00:31,361 DEBUG [main][HikariConfig.java:1132] - registerMbeans..................false
2024-08-25 17:00:31,361 DEBUG [main][HikariConfig.java:1132] - readOnly........................false
2024-08-25 17:00:31,361 DEBUG [main][HikariConfig.java:1132] - scheduledExecutor...............none
2024-08-25 17:00:31,361 DEBUG [main][HikariConfig.java:1132] - registerMbeans..................false
2024-08-25 17:00:31,361 DEBUG [main][HikariConfig.java:1132] - scheduledExecutor...............none
2024-08-25 17:00:31,362 DEBUG [main][HikariConfig.java:1132] - schema..........................none
2024-08-25 17:00:31,362 DEBUG [main][HikariConfig.java:1132] - schema..........................none
2024-08-25 17:00:31,363 DEBUG [main][HikariConfig.java:1132] - threadFactory...................internal
2024-08-25 17:00:31,363 DEBUG [main][HikariConfig.java:1132] - threadFactory...................internal
2024-08-25 17:00:31,363 DEBUG [main][HikariConfig.java:1132] - transactionIsolation............default
2024-08-25 17:00:31,364 DEBUG [main][HikariConfig.java:1132] - username........................"root"
2024-08-25 17:00:31,363 DEBUG [main][HikariConfig.java:1132] - transactionIsolation............default
2024-08-25 17:00:31,364 DEBUG [main][HikariConfig.java:1132] - username........................"root"
2024-08-25 17:00:31,364 DEBUG [main][HikariConfig.java:1132] - validationTimeout...............5000
2024-08-25 17:00:31,364 DEBUG [main][HikariConfig.java:1132] - validationTimeout...............5000
2024-08-25 17:00:31,365 INFO [main][HikariDataSource.java:110] - HikariPool-1 - Starting...
2024-08-25 17:00:31,365 INFO [main][HikariDataSource.java:110] - HikariPool-1 - Starting...
2024-08-25 17:00:31,503 INFO [main][HikariPool.java:565] - HikariPool-1 - Added connection com.mysql.cj.jdbc.ConnectionImpl@5daad59a
2024-08-25 17:00:31,503 INFO [main][HikariPool.java:565] - HikariPool-1 - Added connection com.mysql.cj.jdbc.ConnectionImpl@5daad59a
2024-08-25 17:00:31,505 INFO [main][HikariDataSource.java:123] - HikariPool-1 - Start completed.
2024-08-25 17:00:31,505 INFO [main][HikariDataSource.java:123] - HikariPool-1 - Start completed.
2024-08-25 17:00:31,511 DEBUG [main][BaseJdbcLogger.java:135] - ==>  Preparing: SELECT id,company_id,company_name,name,users,tags,mt,st,grade,teachmode,description,pic,create_date,change_date,create_people,change_people,audit_status,status FROM course_base WHERE id=?
2024-08-25 17:00:31,511 DEBUG [main][BaseJdbcLogger.java:135] - ==>  Preparing: SELECT id,company_id,company_name,name,users,tags,mt,st,grade,teachmode,description,pic,create_date,change_date,create_people,change_people,audit_status,status FROM course_base WHERE id=?
2024-08-25 17:00:31,525 DEBUG [main][BaseJdbcLogger.java:135] - ==> Parameters: 22(Integer)
2024-08-25 17:00:31,525 DEBUG [main][BaseJdbcLogger.java:135] - ==> Parameters: 22(Integer)
2024-08-25 17:00:31,553 DEBUG [main][BaseJdbcLogger.java:135] - <==      Total: 1
2024-08-25 17:00:31,553 DEBUG [main][BaseJdbcLogger.java:135] - <==      Total: 1
2024-08-25 17:00:31,569 INFO [main][ContentBaseMapperTests.java:20] - Course information with ID 22: CourseBase(id=22, companyId=1232141425, companyName=null, name=大数据2, users=具有一定的java基础, tags=null, mt=1-6, st=1-6-1, grade=200001, teachmode=200002, description=111111大数据大数据大数据大数据大数据大数据大数据大数据大数据大数据大数据大数据大数据大数据大数据大数据大数据大数据大数据大数据大数据大数据大数据大数据大数据大数据大数据大数据大数据大数据大数据大数据, pic=https://cdn.educba.com/academy/wp-content/uploads/2018/08/Spring-BOOT-Interview-questions.jpg, createDate=2019-09-04T09:56:19, changeDate=2022-09-16T07:59:57, createPeople=null, changePeople=null, auditStatus=202001, status=203001)
2024-08-25 17:00:31,569 INFO [main][ContentBaseMapperTests.java:20] - Course information with ID 22: CourseBase(id=22, companyId=1232141425, companyName=null, name=大数据2, users=具有一定的java基础, tags=null, mt=1-6, st=1-6-1, grade=200001, teachmode=200002, description=111111大数据大数据大数据大数据大数据大数据大数据大数据大数据大数据大数据大数据大数据大数据大数据大数据大数据大数据大数据大数据大数据大数据大数据大数据大数据大数据大数据大数据大数据大数据大数据大数据, pic=https://cdn.educba.com/academy/wp-content/uploads/2018/08/Spring-BOOT-Interview-questions.jpg, createDate=2019-09-04T09:56:19, changeDate=2022-09-16T07:59:57, createPeople=null, changePeople=null, auditStatus=202001, status=203001)
2024-08-25 17:00:31,592 INFO [SpringApplicationShutdownHook][HikariDataSource.java:350] - HikariPool-1 - Shutdown initiated...
2024-08-25 17:00:31,592 INFO [SpringApplicationShutdownHook][HikariDataSource.java:350] - HikariPool-1 - Shutdown initiated...
2024-08-25 17:00:31,592 DEBUG [SpringApplicationShutdownHook][HikariPool.java:414] - HikariPool-1 - Before shutdown stats (total=1, active=0, idle=1, waiting=0)
2024-08-25 17:00:31,592 DEBUG [SpringApplicationShutdownHook][HikariPool.java:414] - HikariPool-1 - Before shutdown stats (total=1, active=0, idle=1, waiting=0)
2024-08-25 17:00:31,595 DEBUG [HikariPool-1 connection closer][PoolBase.java:132] - HikariPool-1 - Closing connection com.mysql.cj.jdbc.ConnectionImpl@5daad59a: (connection evicted)
2024-08-25 17:00:31,595 DEBUG [HikariPool-1 connection closer][PoolBase.java:132] - HikariPool-1 - Closing connection com.mysql.cj.jdbc.ConnectionImpl@5daad59a: (connection evicted)
2024-08-25 17:00:31,602 DEBUG [SpringApplicationShutdownHook][HikariPool.java:414] - HikariPool-1 - After shutdown stats (total=0, active=0, idle=0, waiting=0)
2024-08-25 17:00:31,602 DEBUG [SpringApplicationShutdownHook][HikariPool.java:414] - HikariPool-1 - After shutdown stats (total=0, active=0, idle=0, waiting=0)
2024-08-25 17:00:31,602 INFO [SpringApplicationShutdownHook][HikariDataSource.java:352] - HikariPool-1 - Shutdown completed.
2024-08-25 17:00:31,602 INFO [SpringApplicationShutdownHook][HikariDataSource.java:352] - HikariPool-1 - Shutdown completed.
2024-08-25 17:48:57,519 DEBUG [background-preinit][LoggerProviders.java:162] - Logging Provider: org.jboss.logging.Log4j2LoggerProvider
2024-08-25 17:48:57,519 DEBUG [background-preinit][LoggerProviders.java:162] - Logging Provider: org.jboss.logging.Log4j2LoggerProvider
2024-08-25 17:48:57,522 INFO [background-preinit][Version.java:21] - HV000001: Hibernate Validator 8.0.1.Final
2024-08-25 17:48:57,522 INFO [background-preinit][Version.java:21] - HV000001: Hibernate Validator 8.0.1.Final
2024-08-25 17:48:57,529 DEBUG [background-preinit][ValidationXmlParser.java:122] - Trying to load META-INF/validation.xml for XML based Validator configuration.
2024-08-25 17:48:57,529 DEBUG [background-preinit][ValidationXmlParser.java:122] - Trying to load META-INF/validation.xml for XML based Validator configuration.
2024-08-25 17:48:57,530 DEBUG [background-preinit][ResourceLoaderHelper.java:61] - Trying to load META-INF/validation.xml via TCCL
2024-08-25 17:48:57,530 DEBUG [background-preinit][ResourceLoaderHelper.java:61] - Trying to load META-INF/validation.xml via TCCL
2024-08-25 17:48:57,530 DEBUG [background-preinit][ResourceLoaderHelper.java:67] - Trying to load META-INF/validation.xml via Hibernate Validator's class loader
2024-08-25 17:48:57,530 DEBUG [background-preinit][ResourceLoaderHelper.java:67] - Trying to load META-INF/validation.xml via Hibernate Validator's class loader
2024-08-25 17:48:57,531 DEBUG [background-preinit][ValidationXmlParser.java:129] - No META-INF/validation.xml found. Using annotation based configuration only.
2024-08-25 17:48:57,531 DEBUG [background-preinit][ValidationXmlParser.java:129] - No META-INF/validation.xml found. Using annotation based configuration only.
2024-08-25 17:48:57,534 DEBUG [background-preinit][TraversableResolvers.java:61] - Cannot find jakarta.persistence.Persistence on classpath. Assuming non JPA 2 environment. All properties will per default be traversable.
2024-08-25 17:48:57,534 DEBUG [background-preinit][TraversableResolvers.java:61] - Cannot find jakarta.persistence.Persistence on classpath. Assuming non JPA 2 environment. All properties will per default be traversable.
2024-08-25 17:48:57,543 INFO [main][StartupInfoLogger.java:50] - Starting ContentBaseInfoServiceTests using Java 17.0.12 with PID 45775 (started by luke_ub in /home/luke_ub/development/raggie/raggie-online/raggie-content/raggie-content-service)
2024-08-25 17:48:57,543 INFO [main][StartupInfoLogger.java:50] - Starting ContentBaseInfoServiceTests using Java 17.0.12 with PID 45775 (started by luke_ub in /home/luke_ub/development/raggie/raggie-online/raggie-content/raggie-content-service)
2024-08-25 17:48:57,544 DEBUG [main][StartupInfoLogger.java:51] - Running with Spring Boot v3.2.9, Spring v6.1.12
2024-08-25 17:48:57,544 DEBUG [main][StartupInfoLogger.java:51] - Running with Spring Boot v3.2.9, Spring v6.1.12
2024-08-25 17:48:57,545 INFO [main][SpringApplication.java:654] - No active profile set, falling back to 1 default profile: "default"
2024-08-25 17:48:57,545 INFO [main][SpringApplication.java:654] - No active profile set, falling back to 1 default profile: "default"
2024-08-25 17:48:57,562 DEBUG [background-preinit][ResourceBundleMessageInterpolator.java:175] - Loaded expression factory via original TCCL
2024-08-25 17:48:57,562 DEBUG [background-preinit][ResourceBundleMessageInterpolator.java:175] - Loaded expression factory via original TCCL
2024-08-25 17:48:57,626 DEBUG [background-preinit][ValidatorFactoryConfigurationHelper.java:355] - HV000252: Using org.hibernate.validator.internal.engine.DefaultPropertyNodeNameProvider as property node name provider.
2024-08-25 17:48:57,626 DEBUG [background-preinit][ValidatorFactoryConfigurationHelper.java:355] - HV000252: Using org.hibernate.validator.internal.engine.DefaultPropertyNodeNameProvider as property node name provider.
2024-08-25 17:48:57,630 DEBUG [background-preinit][ValidatorFactoryConfigurationHelper.java:447] - HV000234: Using org.hibernate.validator.messageinterpolation.ResourceBundleMessageInterpolator as ValidatorFactory-scoped message interpolator.
2024-08-25 17:48:57,630 DEBUG [background-preinit][ValidatorFactoryConfigurationHelper.java:447] - HV000234: Using org.hibernate.validator.messageinterpolation.ResourceBundleMessageInterpolator as ValidatorFactory-scoped message interpolator.
2024-08-25 17:48:57,631 DEBUG [background-preinit][ValidatorFactoryConfigurationHelper.java:448] - HV000234: Using org.hibernate.validator.internal.engine.resolver.TraverseAllTraversableResolver as ValidatorFactory-scoped traversable resolver.
2024-08-25 17:48:57,631 DEBUG [background-preinit][ValidatorFactoryConfigurationHelper.java:448] - HV000234: Using org.hibernate.validator.internal.engine.resolver.TraverseAllTraversableResolver as ValidatorFactory-scoped traversable resolver.
2024-08-25 17:48:57,631 DEBUG [background-preinit][ValidatorFactoryConfigurationHelper.java:449] - HV000234: Using org.hibernate.validator.internal.util.ExecutableParameterNameProvider as ValidatorFactory-scoped parameter name provider.
2024-08-25 17:48:57,631 DEBUG [background-preinit][ValidatorFactoryConfigurationHelper.java:449] - HV000234: Using org.hibernate.validator.internal.util.ExecutableParameterNameProvider as ValidatorFactory-scoped parameter name provider.
2024-08-25 17:48:57,632 DEBUG [background-preinit][ValidatorFactoryConfigurationHelper.java:450] - HV000234: Using org.hibernate.validator.internal.engine.DefaultClockProvider as ValidatorFactory-scoped clock provider.
2024-08-25 17:48:57,632 DEBUG [background-preinit][ValidatorFactoryConfigurationHelper.java:450] - HV000234: Using org.hibernate.validator.internal.engine.DefaultClockProvider as ValidatorFactory-scoped clock provider.
2024-08-25 17:48:57,632 DEBUG [background-preinit][ValidatorFactoryConfigurationHelper.java:451] - HV000234: Using org.hibernate.validator.internal.engine.scripting.DefaultScriptEvaluatorFactory as ValidatorFactory-scoped script evaluator factory.
2024-08-25 17:48:57,632 DEBUG [background-preinit][ValidatorFactoryConfigurationHelper.java:451] - HV000234: Using org.hibernate.validator.internal.engine.scripting.DefaultScriptEvaluatorFactory as ValidatorFactory-scoped script evaluator factory.
2024-08-25 17:48:58,072 DEBUG [main][LogFactory.java:109] - Logging initialized using 'class org.apache.ibatis.logging.slf4j.Slf4jImpl' adapter.
2024-08-25 17:48:58,072 DEBUG [main][LogFactory.java:109] - Logging initialized using 'class org.apache.ibatis.logging.slf4j.Slf4jImpl' adapter.
2024-08-25 17:48:58,143 INFO [main][GenericScope.java:282] - BeanFactory id=261e0d55-244e-35b6-9dfb-0834c886d9e1
2024-08-25 17:48:58,143 INFO [main][GenericScope.java:282] - BeanFactory id=261e0d55-244e-35b6-9dfb-0834c886d9e1
2024-08-25 17:48:58,257 DEBUG [main][HikariConfig.java:968] - Driver class com.mysql.cj.jdbc.Driver found in Thread context class loader jdk.internal.loader.ClassLoaders$AppClassLoader@2cdf8d8a
2024-08-25 17:48:58,257 DEBUG [main][HikariConfig.java:968] - Driver class com.mysql.cj.jdbc.Driver found in Thread context class loader jdk.internal.loader.ClassLoaders$AppClassLoader@2cdf8d8a
2024-08-25 17:48:58,322 DEBUG [main][Logger.java:49] - Registered plugin: 'com.baomidou.mybatisplus.extension.plugins.MybatisPlusInterceptor@e700eba'
2024-08-25 17:48:58,322 DEBUG [main][Logger.java:49] - Registered plugin: 'com.baomidou.mybatisplus.extension.plugins.MybatisPlusInterceptor@e700eba'
2024-08-25 17:48:58,324 DEBUG [main][Logger.java:49] - Property 'mapperLocations' was not specified.
2024-08-25 17:48:58,324 DEBUG [main][Logger.java:49] - Property 'mapperLocations' was not specified.
2024-08-25 17:48:58,329 DEBUG [main][Sequence.java:88] - Initialization Sequence datacenterId:1 workerId:3
2024-08-25 17:48:58,329 DEBUG [main][Sequence.java:88] - Initialization Sequence datacenterId:1 workerId:3
2024-08-25 17:48:58,500 DEBUG [main][ResourceBundleMessageInterpolator.java:175] - Loaded expression factory via original TCCL
2024-08-25 17:48:58,500 DEBUG [main][ResourceBundleMessageInterpolator.java:175] - Loaded expression factory via original TCCL
2024-08-25 17:48:58,503 DEBUG [main][AbstractConfigurationImpl.java:176] - Setting custom MessageInterpolator of type org.springframework.validation.beanvalidation.LocaleContextMessageInterpolator
2024-08-25 17:48:58,503 DEBUG [main][AbstractConfigurationImpl.java:176] - Setting custom MessageInterpolator of type org.springframework.validation.beanvalidation.LocaleContextMessageInterpolator
2024-08-25 17:48:58,504 DEBUG [main][AbstractConfigurationImpl.java:208] - Setting custom ConstraintValidatorFactory of type org.springframework.validation.beanvalidation.SpringConstraintValidatorFactory
2024-08-25 17:48:58,504 DEBUG [main][AbstractConfigurationImpl.java:208] - Setting custom ConstraintValidatorFactory of type org.springframework.validation.beanvalidation.SpringConstraintValidatorFactory
2024-08-25 17:48:58,508 DEBUG [main][ValidationXmlParser.java:122] - Trying to load META-INF/validation.xml for XML based Validator configuration.
2024-08-25 17:48:58,508 DEBUG [main][ValidationXmlParser.java:122] - Trying to load META-INF/validation.xml for XML based Validator configuration.
2024-08-25 17:48:58,509 DEBUG [main][ResourceLoaderHelper.java:54] - Trying to load META-INF/validation.xml via user class loader
2024-08-25 17:48:58,509 DEBUG [main][ResourceLoaderHelper.java:54] - Trying to load META-INF/validation.xml via user class loader
2024-08-25 17:48:58,509 DEBUG [main][ResourceLoaderHelper.java:61] - Trying to load META-INF/validation.xml via TCCL
2024-08-25 17:48:58,509 DEBUG [main][ResourceLoaderHelper.java:61] - Trying to load META-INF/validation.xml via TCCL
2024-08-25 17:48:58,510 DEBUG [main][ResourceLoaderHelper.java:67] - Trying to load META-INF/validation.xml via Hibernate Validator's class loader
2024-08-25 17:48:58,510 DEBUG [main][ResourceLoaderHelper.java:67] - Trying to load META-INF/validation.xml via Hibernate Validator's class loader
2024-08-25 17:48:58,511 DEBUG [main][ValidationXmlParser.java:129] - No META-INF/validation.xml found. Using annotation based configuration only.
2024-08-25 17:48:58,511 DEBUG [main][ValidationXmlParser.java:129] - No META-INF/validation.xml found. Using annotation based configuration only.
2024-08-25 17:48:58,512 DEBUG [main][TraversableResolvers.java:61] - Cannot find jakarta.persistence.Persistence on classpath. Assuming non JPA 2 environment. All properties will per default be traversable.
2024-08-25 17:48:58,512 DEBUG [main][TraversableResolvers.java:61] - Cannot find jakarta.persistence.Persistence on classpath. Assuming non JPA 2 environment. All properties will per default be traversable.
2024-08-25 17:48:58,514 DEBUG [main][ValidatorFactoryConfigurationHelper.java:355] - HV000252: Using org.hibernate.validator.internal.engine.DefaultPropertyNodeNameProvider as property node name provider.
2024-08-25 17:48:58,514 DEBUG [main][ValidatorFactoryConfigurationHelper.java:355] - HV000252: Using org.hibernate.validator.internal.engine.DefaultPropertyNodeNameProvider as property node name provider.
2024-08-25 17:48:58,515 DEBUG [main][ValidatorFactoryConfigurationHelper.java:447] - HV000234: Using org.springframework.validation.beanvalidation.LocaleContextMessageInterpolator as ValidatorFactory-scoped message interpolator.
2024-08-25 17:48:58,515 DEBUG [main][ValidatorFactoryConfigurationHelper.java:447] - HV000234: Using org.springframework.validation.beanvalidation.LocaleContextMessageInterpolator as ValidatorFactory-scoped message interpolator.
2024-08-25 17:48:58,516 DEBUG [main][ValidatorFactoryConfigurationHelper.java:448] - HV000234: Using org.hibernate.validator.internal.engine.resolver.TraverseAllTraversableResolver as ValidatorFactory-scoped traversable resolver.
2024-08-25 17:48:58,516 DEBUG [main][ValidatorFactoryConfigurationHelper.java:448] - HV000234: Using org.hibernate.validator.internal.engine.resolver.TraverseAllTraversableResolver as ValidatorFactory-scoped traversable resolver.
2024-08-25 17:48:58,516 DEBUG [main][ValidatorFactoryConfigurationHelper.java:449] - HV000234: Using org.hibernate.validator.internal.util.ExecutableParameterNameProvider as ValidatorFactory-scoped parameter name provider.
2024-08-25 17:48:58,516 DEBUG [main][ValidatorFactoryConfigurationHelper.java:449] - HV000234: Using org.hibernate.validator.internal.util.ExecutableParameterNameProvider as ValidatorFactory-scoped parameter name provider.
2024-08-25 17:48:58,517 DEBUG [main][ValidatorFactoryConfigurationHelper.java:450] - HV000234: Using org.hibernate.validator.internal.engine.DefaultClockProvider as ValidatorFactory-scoped clock provider.
2024-08-25 17:48:58,517 DEBUG [main][ValidatorFactoryConfigurationHelper.java:450] - HV000234: Using org.hibernate.validator.internal.engine.DefaultClockProvider as ValidatorFactory-scoped clock provider.
2024-08-25 17:48:58,517 DEBUG [main][ValidatorFactoryConfigurationHelper.java:451] - HV000234: Using org.hibernate.validator.internal.engine.scripting.DefaultScriptEvaluatorFactory as ValidatorFactory-scoped script evaluator factory.
2024-08-25 17:48:58,517 DEBUG [main][ValidatorFactoryConfigurationHelper.java:451] - HV000234: Using org.hibernate.validator.internal.engine.scripting.DefaultScriptEvaluatorFactory as ValidatorFactory-scoped script evaluator factory.
2024-08-25 17:48:58,931 INFO [main][StartupInfoLogger.java:56] - Started ContentBaseInfoServiceTests in 1.658 seconds (process running for 2.786)
2024-08-25 17:48:58,931 INFO [main][StartupInfoLogger.java:56] - Started ContentBaseInfoServiceTests in 1.658 seconds (process running for 2.786)
2024-08-25 17:48:58,935 DEBUG [main][DdlApplicationRunner.java:44] -   ...  DDL start create  ...  
2024-08-25 17:48:58,935 DEBUG [main][DdlApplicationRunner.java:44] -   ...  DDL start create  ...  
2024-08-25 17:48:58,935 DEBUG [main][DdlApplicationRunner.java:53] -   ...  DDL end create  ...  
2024-08-25 17:48:58,935 DEBUG [main][DdlApplicationRunner.java:53] -   ...  DDL end create  ...  
2024-08-25 17:48:59,600 DEBUG [main][HikariConfig.java:1100] - HikariPool-1 - configuration:
2024-08-25 17:48:59,600 DEBUG [main][HikariConfig.java:1100] - HikariPool-1 - configuration:
2024-08-25 17:48:59,602 DEBUG [main][HikariConfig.java:1132] - allowPoolSuspension.............false
2024-08-25 17:48:59,602 DEBUG [main][HikariConfig.java:1132] - allowPoolSuspension.............false
2024-08-25 17:48:59,603 DEBUG [main][HikariConfig.java:1132] - autoCommit......................true
2024-08-25 17:48:59,603 DEBUG [main][HikariConfig.java:1132] - autoCommit......................true
2024-08-25 17:48:59,603 DEBUG [main][HikariConfig.java:1132] - catalog.........................none
2024-08-25 17:48:59,603 DEBUG [main][HikariConfig.java:1132] - catalog.........................none
2024-08-25 17:48:59,604 DEBUG [main][HikariConfig.java:1132] - connectionInitSql...............none
2024-08-25 17:48:59,604 DEBUG [main][HikariConfig.java:1132] - connectionInitSql...............none
2024-08-25 17:48:59,604 DEBUG [main][HikariConfig.java:1132] - connectionTestQuery.............none
2024-08-25 17:48:59,604 DEBUG [main][HikariConfig.java:1132] - connectionTestQuery.............none
2024-08-25 17:48:59,604 DEBUG [main][HikariConfig.java:1132] - connectionTimeout...............30000
2024-08-25 17:48:59,604 DEBUG [main][HikariConfig.java:1132] - connectionTimeout...............30000
2024-08-25 17:48:59,605 DEBUG [main][HikariConfig.java:1132] - dataSource......................none
2024-08-25 17:48:59,605 DEBUG [main][HikariConfig.java:1132] - dataSource......................none
2024-08-25 17:48:59,606 DEBUG [main][HikariConfig.java:1132] - dataSourceClassName.............none
2024-08-25 17:48:59,606 DEBUG [main][HikariConfig.java:1132] - dataSourceClassName.............none
2024-08-25 17:48:59,606 DEBUG [main][HikariConfig.java:1132] - dataSourceJNDI..................none
2024-08-25 17:48:59,606 DEBUG [main][HikariConfig.java:1132] - dataSourceJNDI..................none
2024-08-25 17:48:59,607 DEBUG [main][HikariConfig.java:1132] - dataSourceProperties............{password=<masked>}
2024-08-25 17:48:59,607 DEBUG [main][HikariConfig.java:1132] - dataSourceProperties............{password=<masked>}
2024-08-25 17:48:59,607 DEBUG [main][HikariConfig.java:1132] - driverClassName................."com.mysql.cj.jdbc.Driver"
2024-08-25 17:48:59,607 DEBUG [main][HikariConfig.java:1132] - driverClassName................."com.mysql.cj.jdbc.Driver"
2024-08-25 17:48:59,608 DEBUG [main][HikariConfig.java:1132] - exceptionOverrideClassName......none
2024-08-25 17:48:59,608 DEBUG [main][HikariConfig.java:1132] - exceptionOverrideClassName......none
2024-08-25 17:48:59,608 DEBUG [main][HikariConfig.java:1132] - healthCheckProperties...........{}
2024-08-25 17:48:59,608 DEBUG [main][HikariConfig.java:1132] - healthCheckProperties...........{}
2024-08-25 17:48:59,609 DEBUG [main][HikariConfig.java:1132] - healthCheckRegistry.............none
2024-08-25 17:48:59,609 DEBUG [main][HikariConfig.java:1132] - healthCheckRegistry.............none
2024-08-25 17:48:59,609 DEBUG [main][HikariConfig.java:1132] - idleTimeout.....................600000
2024-08-25 17:48:59,609 DEBUG [main][HikariConfig.java:1132] - idleTimeout.....................600000
2024-08-25 17:48:59,609 DEBUG [main][HikariConfig.java:1132] - initializationFailTimeout.......1
2024-08-25 17:48:59,609 DEBUG [main][HikariConfig.java:1132] - initializationFailTimeout.......1
2024-08-25 17:48:59,610 DEBUG [main][HikariConfig.java:1132] - isolateInternalQueries..........false
2024-08-25 17:48:59,610 DEBUG [main][HikariConfig.java:1132] - isolateInternalQueries..........false
2024-08-25 17:48:59,610 DEBUG [main][HikariConfig.java:1132] - jdbcUrl.........................jdbc:mysql://127.0.0.1:3306/raggie_content?serverTimezone=UTC&userUnicode=true&useSSL=false
2024-08-25 17:48:59,610 DEBUG [main][HikariConfig.java:1132] - jdbcUrl.........................jdbc:mysql://127.0.0.1:3306/raggie_content?serverTimezone=UTC&userUnicode=true&useSSL=false
2024-08-25 17:48:59,611 DEBUG [main][HikariConfig.java:1132] - keepaliveTime...................0
2024-08-25 17:48:59,611 DEBUG [main][HikariConfig.java:1132] - keepaliveTime...................0
2024-08-25 17:48:59,611 DEBUG [main][HikariConfig.java:1132] - leakDetectionThreshold..........0
2024-08-25 17:48:59,611 DEBUG [main][HikariConfig.java:1132] - leakDetectionThreshold..........0
2024-08-25 17:48:59,612 DEBUG [main][HikariConfig.java:1132] - maxLifetime.....................1800000
2024-08-25 17:48:59,612 DEBUG [main][HikariConfig.java:1132] - maxLifetime.....................1800000
2024-08-25 17:48:59,613 DEBUG [main][HikariConfig.java:1132] - maximumPoolSize.................10
2024-08-25 17:48:59,613 DEBUG [main][HikariConfig.java:1132] - maximumPoolSize.................10
2024-08-25 17:48:59,613 DEBUG [main][HikariConfig.java:1132] - metricRegistry..................none
2024-08-25 17:48:59,613 DEBUG [main][HikariConfig.java:1132] - metricRegistry..................none
2024-08-25 17:48:59,614 DEBUG [main][HikariConfig.java:1132] - metricsTrackerFactory...........none
2024-08-25 17:48:59,614 DEBUG [main][HikariConfig.java:1132] - metricsTrackerFactory...........none
2024-08-25 17:48:59,614 DEBUG [main][HikariConfig.java:1132] - minimumIdle.....................10
2024-08-25 17:48:59,614 DEBUG [main][HikariConfig.java:1132] - minimumIdle.....................10
2024-08-25 17:48:59,614 DEBUG [main][HikariConfig.java:1132] - password........................<masked>
2024-08-25 17:48:59,614 DEBUG [main][HikariConfig.java:1132] - password........................<masked>
2024-08-25 17:48:59,615 DEBUG [main][HikariConfig.java:1132] - poolName........................"HikariPool-1"
2024-08-25 17:48:59,615 DEBUG [main][HikariConfig.java:1132] - poolName........................"HikariPool-1"
2024-08-25 17:48:59,615 DEBUG [main][HikariConfig.java:1132] - readOnly........................false
2024-08-25 17:48:59,615 DEBUG [main][HikariConfig.java:1132] - readOnly........................false
2024-08-25 17:48:59,615 DEBUG [main][HikariConfig.java:1132] - registerMbeans..................false
2024-08-25 17:48:59,615 DEBUG [main][HikariConfig.java:1132] - registerMbeans..................false
2024-08-25 17:48:59,615 DEBUG [main][HikariConfig.java:1132] - scheduledExecutor...............none
2024-08-25 17:48:59,615 DEBUG [main][HikariConfig.java:1132] - scheduledExecutor...............none
2024-08-25 17:48:59,616 DEBUG [main][HikariConfig.java:1132] - schema..........................none
2024-08-25 17:48:59,616 DEBUG [main][HikariConfig.java:1132] - schema..........................none
2024-08-25 17:48:59,617 DEBUG [main][HikariConfig.java:1132] - threadFactory...................internal
2024-08-25 17:48:59,617 DEBUG [main][HikariConfig.java:1132] - threadFactory...................internal
2024-08-25 17:48:59,617 DEBUG [main][HikariConfig.java:1132] - transactionIsolation............default
2024-08-25 17:48:59,617 DEBUG [main][HikariConfig.java:1132] - transactionIsolation............default
2024-08-25 17:48:59,618 DEBUG [main][HikariConfig.java:1132] - username........................"root"
2024-08-25 17:48:59,618 DEBUG [main][HikariConfig.java:1132] - username........................"root"
2024-08-25 17:48:59,618 DEBUG [main][HikariConfig.java:1132] - validationTimeout...............5000
2024-08-25 17:48:59,618 DEBUG [main][HikariConfig.java:1132] - validationTimeout...............5000
2024-08-25 17:48:59,618 INFO [main][HikariDataSource.java:110] - HikariPool-1 - Starting...
2024-08-25 17:48:59,618 INFO [main][HikariDataSource.java:110] - HikariPool-1 - Starting...
2024-08-25 17:48:59,804 INFO [main][HikariPool.java:565] - HikariPool-1 - Added connection com.mysql.cj.jdbc.ConnectionImpl@67e4928c
2024-08-25 17:48:59,804 INFO [main][HikariPool.java:565] - HikariPool-1 - Added connection com.mysql.cj.jdbc.ConnectionImpl@67e4928c
2024-08-25 17:48:59,806 INFO [main][HikariDataSource.java:123] - HikariPool-1 - Start completed.
2024-08-25 17:48:59,806 INFO [main][HikariDataSource.java:123] - HikariPool-1 - Start completed.
2024-08-25 17:48:59,812 DEBUG [main][BaseJdbcLogger.java:135] - ==>  Preparing: SELECT COUNT(*) AS total FROM course_base WHERE (name LIKE ? AND audit_status = ?)
2024-08-25 17:48:59,812 DEBUG [main][BaseJdbcLogger.java:135] - ==>  Preparing: SELECT COUNT(*) AS total FROM course_base WHERE (name LIKE ? AND audit_status = ?)
2024-08-25 17:48:59,829 DEBUG [main][BaseJdbcLogger.java:135] - ==> Parameters: %java%(String), 202004(String)
2024-08-25 17:48:59,829 DEBUG [main][BaseJdbcLogger.java:135] - ==> Parameters: %java%(String), 202004(String)
2024-08-25 17:48:59,847 DEBUG [main][BaseJdbcLogger.java:135] - <==      Total: 1
2024-08-25 17:48:59,847 DEBUG [main][BaseJdbcLogger.java:135] - <==      Total: 1
2024-08-25 17:48:59,851 DEBUG [main][BaseJdbcLogger.java:135] - ==>  Preparing: SELECT id,company_id,company_name,name,users,tags,mt,st,grade,teachmode,description,pic,create_date,change_date,create_people,change_people,audit_status,status FROM course_base WHERE (name LIKE ? AND audit_status = ?) LIMIT ?,?
2024-08-25 17:48:59,851 DEBUG [main][BaseJdbcLogger.java:135] - ==>  Preparing: SELECT id,company_id,company_name,name,users,tags,mt,st,grade,teachmode,description,pic,create_date,change_date,create_people,change_people,audit_status,status FROM course_base WHERE (name LIKE ? AND audit_status = ?) LIMIT ?,?
2024-08-25 17:48:59,853 DEBUG [main][BaseJdbcLogger.java:135] - ==> Parameters: %java%(String), 202004(String), 2(Long), 2(Long)
2024-08-25 17:48:59,853 DEBUG [main][BaseJdbcLogger.java:135] - ==> Parameters: %java%(String), 202004(String), 2(Long), 2(Long)
2024-08-25 17:48:59,859 DEBUG [main][BaseJdbcLogger.java:135] - <==      Total: 2
2024-08-25 17:48:59,859 DEBUG [main][BaseJdbcLogger.java:135] - <==      Total: 2
2024-08-25 17:48:59,899 INFO [SpringApplicationShutdownHook][HikariDataSource.java:350] - HikariPool-1 - Shutdown initiated...
2024-08-25 17:48:59,899 INFO [SpringApplicationShutdownHook][HikariDataSource.java:350] - HikariPool-1 - Shutdown initiated...
2024-08-25 17:48:59,900 DEBUG [SpringApplicationShutdownHook][HikariPool.java:414] - HikariPool-1 - Before shutdown stats (total=1, active=0, idle=1, waiting=0)
2024-08-25 17:48:59,900 DEBUG [SpringApplicationShutdownHook][HikariPool.java:414] - HikariPool-1 - Before shutdown stats (total=1, active=0, idle=1, waiting=0)
2024-08-25 17:48:59,901 DEBUG [HikariPool-1 connection closer][PoolBase.java:132] - HikariPool-1 - Closing connection com.mysql.cj.jdbc.ConnectionImpl@67e4928c: (connection evicted)
2024-08-25 17:48:59,901 DEBUG [HikariPool-1 connection closer][PoolBase.java:132] - HikariPool-1 - Closing connection com.mysql.cj.jdbc.ConnectionImpl@67e4928c: (connection evicted)
2024-08-25 17:48:59,907 DEBUG [SpringApplicationShutdownHook][HikariPool.java:414] - HikariPool-1 - After shutdown stats (total=0, active=0, idle=0, waiting=0)
2024-08-25 17:48:59,907 DEBUG [SpringApplicationShutdownHook][HikariPool.java:414] - HikariPool-1 - After shutdown stats (total=0, active=0, idle=0, waiting=0)
2024-08-25 17:48:59,908 INFO [SpringApplicationShutdownHook][HikariDataSource.java:352] - HikariPool-1 - Shutdown completed.
2024-08-25 17:48:59,908 INFO [SpringApplicationShutdownHook][HikariDataSource.java:352] - HikariPool-1 - Shutdown completed.
2024-08-25 17:51:27,880 DEBUG [background-preinit][LoggerProviders.java:162] - Logging Provider: org.jboss.logging.Log4j2LoggerProvider
2024-08-25 17:51:27,880 DEBUG [background-preinit][LoggerProviders.java:162] - Logging Provider: org.jboss.logging.Log4j2LoggerProvider
2024-08-25 17:51:27,882 INFO [background-preinit][Version.java:21] - HV000001: Hibernate Validator 8.0.1.Final
2024-08-25 17:51:27,882 INFO [background-preinit][Version.java:21] - HV000001: Hibernate Validator 8.0.1.Final
2024-08-25 17:51:27,886 DEBUG [background-preinit][ValidationXmlParser.java:122] - Trying to load META-INF/validation.xml for XML based Validator configuration.
2024-08-25 17:51:27,886 DEBUG [background-preinit][ValidationXmlParser.java:122] - Trying to load META-INF/validation.xml for XML based Validator configuration.
2024-08-25 17:51:27,887 DEBUG [background-preinit][ResourceLoaderHelper.java:61] - Trying to load META-INF/validation.xml via TCCL
2024-08-25 17:51:27,887 DEBUG [background-preinit][ResourceLoaderHelper.java:61] - Trying to load META-INF/validation.xml via TCCL
2024-08-25 17:51:27,888 DEBUG [background-preinit][ResourceLoaderHelper.java:67] - Trying to load META-INF/validation.xml via Hibernate Validator's class loader
2024-08-25 17:51:27,888 DEBUG [background-preinit][ResourceLoaderHelper.java:67] - Trying to load META-INF/validation.xml via Hibernate Validator's class loader
2024-08-25 17:51:27,888 DEBUG [background-preinit][ValidationXmlParser.java:129] - No META-INF/validation.xml found. Using annotation based configuration only.
2024-08-25 17:51:27,888 DEBUG [background-preinit][ValidationXmlParser.java:129] - No META-INF/validation.xml found. Using annotation based configuration only.
2024-08-25 17:51:27,891 DEBUG [background-preinit][TraversableResolvers.java:61] - Cannot find jakarta.persistence.Persistence on classpath. Assuming non JPA 2 environment. All properties will per default be traversable.
2024-08-25 17:51:27,891 DEBUG [background-preinit][TraversableResolvers.java:61] - Cannot find jakarta.persistence.Persistence on classpath. Assuming non JPA 2 environment. All properties will per default be traversable.
2024-08-25 17:51:27,910 INFO [main][StartupInfoLogger.java:50] - Starting ContentBaseInfoServiceTests using Java 17.0.12 with PID 48182 (started by luke_ub in /home/luke_ub/development/raggie/raggie-online/raggie-content/raggie-content-service)
2024-08-25 17:51:27,910 INFO [main][StartupInfoLogger.java:50] - Starting ContentBaseInfoServiceTests using Java 17.0.12 with PID 48182 (started by luke_ub in /home/luke_ub/development/raggie/raggie-online/raggie-content/raggie-content-service)
2024-08-25 17:51:27,910 DEBUG [main][StartupInfoLogger.java:51] - Running with Spring Boot v3.2.9, Spring v6.1.12
2024-08-25 17:51:27,910 DEBUG [main][StartupInfoLogger.java:51] - Running with Spring Boot v3.2.9, Spring v6.1.12
2024-08-25 17:51:27,911 DEBUG [background-preinit][ResourceBundleMessageInterpolator.java:175] - Loaded expression factory via original TCCL
2024-08-25 17:51:27,911 DEBUG [background-preinit][ResourceBundleMessageInterpolator.java:175] - Loaded expression factory via original TCCL
2024-08-25 17:51:27,912 INFO [main][SpringApplication.java:654] - No active profile set, falling back to 1 default profile: "default"
2024-08-25 17:51:27,912 INFO [main][SpringApplication.java:654] - No active profile set, falling back to 1 default profile: "default"
2024-08-25 17:51:27,962 DEBUG [background-preinit][ValidatorFactoryConfigurationHelper.java:355] - HV000252: Using org.hibernate.validator.internal.engine.DefaultPropertyNodeNameProvider as property node name provider.
2024-08-25 17:51:27,962 DEBUG [background-preinit][ValidatorFactoryConfigurationHelper.java:355] - HV000252: Using org.hibernate.validator.internal.engine.DefaultPropertyNodeNameProvider as property node name provider.
2024-08-25 17:51:27,965 DEBUG [background-preinit][ValidatorFactoryConfigurationHelper.java:447] - HV000234: Using org.hibernate.validator.messageinterpolation.ResourceBundleMessageInterpolator as ValidatorFactory-scoped message interpolator.
2024-08-25 17:51:27,965 DEBUG [background-preinit][ValidatorFactoryConfigurationHelper.java:447] - HV000234: Using org.hibernate.validator.messageinterpolation.ResourceBundleMessageInterpolator as ValidatorFactory-scoped message interpolator.
2024-08-25 17:51:27,966 DEBUG [background-preinit][ValidatorFactoryConfigurationHelper.java:448] - HV000234: Using org.hibernate.validator.internal.engine.resolver.TraverseAllTraversableResolver as ValidatorFactory-scoped traversable resolver.
2024-08-25 17:51:27,966 DEBUG [background-preinit][ValidatorFactoryConfigurationHelper.java:448] - HV000234: Using org.hibernate.validator.internal.engine.resolver.TraverseAllTraversableResolver as ValidatorFactory-scoped traversable resolver.
2024-08-25 17:51:27,966 DEBUG [background-preinit][ValidatorFactoryConfigurationHelper.java:449] - HV000234: Using org.hibernate.validator.internal.util.ExecutableParameterNameProvider as ValidatorFactory-scoped parameter name provider.
2024-08-25 17:51:27,966 DEBUG [background-preinit][ValidatorFactoryConfigurationHelper.java:449] - HV000234: Using org.hibernate.validator.internal.util.ExecutableParameterNameProvider as ValidatorFactory-scoped parameter name provider.
2024-08-25 17:51:27,966 DEBUG [background-preinit][ValidatorFactoryConfigurationHelper.java:450] - HV000234: Using org.hibernate.validator.internal.engine.DefaultClockProvider as ValidatorFactory-scoped clock provider.
2024-08-25 17:51:27,966 DEBUG [background-preinit][ValidatorFactoryConfigurationHelper.java:450] - HV000234: Using org.hibernate.validator.internal.engine.DefaultClockProvider as ValidatorFactory-scoped clock provider.
2024-08-25 17:51:27,967 DEBUG [background-preinit][ValidatorFactoryConfigurationHelper.java:451] - HV000234: Using org.hibernate.validator.internal.engine.scripting.DefaultScriptEvaluatorFactory as ValidatorFactory-scoped script evaluator factory.
2024-08-25 17:51:27,967 DEBUG [background-preinit][ValidatorFactoryConfigurationHelper.java:451] - HV000234: Using org.hibernate.validator.internal.engine.scripting.DefaultScriptEvaluatorFactory as ValidatorFactory-scoped script evaluator factory.
2024-08-25 17:51:28,369 DEBUG [main][LogFactory.java:109] - Logging initialized using 'class org.apache.ibatis.logging.slf4j.Slf4jImpl' adapter.
2024-08-25 17:51:28,369 DEBUG [main][LogFactory.java:109] - Logging initialized using 'class org.apache.ibatis.logging.slf4j.Slf4jImpl' adapter.
2024-08-25 17:51:28,430 INFO [main][GenericScope.java:282] - BeanFactory id=261e0d55-244e-35b6-9dfb-0834c886d9e1
2024-08-25 17:51:28,430 INFO [main][GenericScope.java:282] - BeanFactory id=261e0d55-244e-35b6-9dfb-0834c886d9e1
2024-08-25 17:51:28,537 DEBUG [main][HikariConfig.java:968] - Driver class com.mysql.cj.jdbc.Driver found in Thread context class loader jdk.internal.loader.ClassLoaders$AppClassLoader@2cdf8d8a
2024-08-25 17:51:28,537 DEBUG [main][HikariConfig.java:968] - Driver class com.mysql.cj.jdbc.Driver found in Thread context class loader jdk.internal.loader.ClassLoaders$AppClassLoader@2cdf8d8a
2024-08-25 17:51:28,584 DEBUG [main][Logger.java:49] - Registered plugin: 'com.baomidou.mybatisplus.extension.plugins.MybatisPlusInterceptor@7186b202'
2024-08-25 17:51:28,584 DEBUG [main][Logger.java:49] - Registered plugin: 'com.baomidou.mybatisplus.extension.plugins.MybatisPlusInterceptor@7186b202'
2024-08-25 17:51:28,586 DEBUG [main][Logger.java:49] - Property 'mapperLocations' was not specified.
2024-08-25 17:51:28,586 DEBUG [main][Logger.java:49] - Property 'mapperLocations' was not specified.
2024-08-25 17:51:28,590 DEBUG [main][Sequence.java:88] - Initialization Sequence datacenterId:1 workerId:22
2024-08-25 17:51:28,590 DEBUG [main][Sequence.java:88] - Initialization Sequence datacenterId:1 workerId:22
2024-08-25 17:51:28,750 DEBUG [main][ResourceBundleMessageInterpolator.java:175] - Loaded expression factory via original TCCL
2024-08-25 17:51:28,750 DEBUG [main][ResourceBundleMessageInterpolator.java:175] - Loaded expression factory via original TCCL
2024-08-25 17:51:28,752 DEBUG [main][AbstractConfigurationImpl.java:176] - Setting custom MessageInterpolator of type org.springframework.validation.beanvalidation.LocaleContextMessageInterpolator
2024-08-25 17:51:28,752 DEBUG [main][AbstractConfigurationImpl.java:176] - Setting custom MessageInterpolator of type org.springframework.validation.beanvalidation.LocaleContextMessageInterpolator
2024-08-25 17:51:28,753 DEBUG [main][AbstractConfigurationImpl.java:208] - Setting custom ConstraintValidatorFactory of type org.springframework.validation.beanvalidation.SpringConstraintValidatorFactory
2024-08-25 17:51:28,753 DEBUG [main][AbstractConfigurationImpl.java:208] - Setting custom ConstraintValidatorFactory of type org.springframework.validation.beanvalidation.SpringConstraintValidatorFactory
2024-08-25 17:51:28,754 DEBUG [main][ValidationXmlParser.java:122] - Trying to load META-INF/validation.xml for XML based Validator configuration.
2024-08-25 17:51:28,754 DEBUG [main][ValidationXmlParser.java:122] - Trying to load META-INF/validation.xml for XML based Validator configuration.
2024-08-25 17:51:28,755 DEBUG [main][ResourceLoaderHelper.java:54] - Trying to load META-INF/validation.xml via user class loader
2024-08-25 17:51:28,755 DEBUG [main][ResourceLoaderHelper.java:54] - Trying to load META-INF/validation.xml via user class loader
2024-08-25 17:51:28,755 DEBUG [main][ResourceLoaderHelper.java:61] - Trying to load META-INF/validation.xml via TCCL
2024-08-25 17:51:28,755 DEBUG [main][ResourceLoaderHelper.java:61] - Trying to load META-INF/validation.xml via TCCL
2024-08-25 17:51:28,756 DEBUG [main][ResourceLoaderHelper.java:67] - Trying to load META-INF/validation.xml via Hibernate Validator's class loader
2024-08-25 17:51:28,756 DEBUG [main][ResourceLoaderHelper.java:67] - Trying to load META-INF/validation.xml via Hibernate Validator's class loader
2024-08-25 17:51:28,756 DEBUG [main][ValidationXmlParser.java:129] - No META-INF/validation.xml found. Using annotation based configuration only.
2024-08-25 17:51:28,756 DEBUG [main][ValidationXmlParser.java:129] - No META-INF/validation.xml found. Using annotation based configuration only.
2024-08-25 17:51:28,758 DEBUG [main][TraversableResolvers.java:61] - Cannot find jakarta.persistence.Persistence on classpath. Assuming non JPA 2 environment. All properties will per default be traversable.
2024-08-25 17:51:28,758 DEBUG [main][TraversableResolvers.java:61] - Cannot find jakarta.persistence.Persistence on classpath. Assuming non JPA 2 environment. All properties will per default be traversable.
2024-08-25 17:51:28,759 DEBUG [main][ValidatorFactoryConfigurationHelper.java:355] - HV000252: Using org.hibernate.validator.internal.engine.DefaultPropertyNodeNameProvider as property node name provider.
2024-08-25 17:51:28,759 DEBUG [main][ValidatorFactoryConfigurationHelper.java:355] - HV000252: Using org.hibernate.validator.internal.engine.DefaultPropertyNodeNameProvider as property node name provider.
2024-08-25 17:51:28,760 DEBUG [main][ValidatorFactoryConfigurationHelper.java:447] - HV000234: Using org.springframework.validation.beanvalidation.LocaleContextMessageInterpolator as ValidatorFactory-scoped message interpolator.
2024-08-25 17:51:28,760 DEBUG [main][ValidatorFactoryConfigurationHelper.java:447] - HV000234: Using org.springframework.validation.beanvalidation.LocaleContextMessageInterpolator as ValidatorFactory-scoped message interpolator.
2024-08-25 17:51:28,760 DEBUG [main][ValidatorFactoryConfigurationHelper.java:448] - HV000234: Using org.hibernate.validator.internal.engine.resolver.TraverseAllTraversableResolver as ValidatorFactory-scoped traversable resolver.
2024-08-25 17:51:28,760 DEBUG [main][ValidatorFactoryConfigurationHelper.java:448] - HV000234: Using org.hibernate.validator.internal.engine.resolver.TraverseAllTraversableResolver as ValidatorFactory-scoped traversable resolver.
2024-08-25 17:51:28,761 DEBUG [main][ValidatorFactoryConfigurationHelper.java:449] - HV000234: Using org.hibernate.validator.internal.util.ExecutableParameterNameProvider as ValidatorFactory-scoped parameter name provider.
2024-08-25 17:51:28,761 DEBUG [main][ValidatorFactoryConfigurationHelper.java:449] - HV000234: Using org.hibernate.validator.internal.util.ExecutableParameterNameProvider as ValidatorFactory-scoped parameter name provider.
2024-08-25 17:51:28,761 DEBUG [main][ValidatorFactoryConfigurationHelper.java:450] - HV000234: Using org.hibernate.validator.internal.engine.DefaultClockProvider as ValidatorFactory-scoped clock provider.
2024-08-25 17:51:28,761 DEBUG [main][ValidatorFactoryConfigurationHelper.java:450] - HV000234: Using org.hibernate.validator.internal.engine.DefaultClockProvider as ValidatorFactory-scoped clock provider.
2024-08-25 17:51:28,761 DEBUG [main][ValidatorFactoryConfigurationHelper.java:451] - HV000234: Using org.hibernate.validator.internal.engine.scripting.DefaultScriptEvaluatorFactory as ValidatorFactory-scoped script evaluator factory.
2024-08-25 17:51:28,761 DEBUG [main][ValidatorFactoryConfigurationHelper.java:451] - HV000234: Using org.hibernate.validator.internal.engine.scripting.DefaultScriptEvaluatorFactory as ValidatorFactory-scoped script evaluator factory.
2024-08-25 17:51:29,144 INFO [main][StartupInfoLogger.java:56] - Started ContentBaseInfoServiceTests in 1.474 seconds (process running for 2.502)
2024-08-25 17:51:29,144 INFO [main][StartupInfoLogger.java:56] - Started ContentBaseInfoServiceTests in 1.474 seconds (process running for 2.502)
2024-08-25 17:51:29,148 DEBUG [main][DdlApplicationRunner.java:44] -   ...  DDL start create  ...  
2024-08-25 17:51:29,148 DEBUG [main][DdlApplicationRunner.java:44] -   ...  DDL start create  ...  
2024-08-25 17:51:29,149 DEBUG [main][DdlApplicationRunner.java:53] -   ...  DDL end create  ...  
2024-08-25 17:51:29,149 DEBUG [main][DdlApplicationRunner.java:53] -   ...  DDL end create  ...  
2024-08-25 17:51:29,769 DEBUG [main][HikariConfig.java:1100] - HikariPool-1 - configuration:
2024-08-25 17:51:29,769 DEBUG [main][HikariConfig.java:1100] - HikariPool-1 - configuration:
2024-08-25 17:51:29,772 DEBUG [main][HikariConfig.java:1132] - allowPoolSuspension.............false
2024-08-25 17:51:29,772 DEBUG [main][HikariConfig.java:1132] - allowPoolSuspension.............false
2024-08-25 17:51:29,773 DEBUG [main][HikariConfig.java:1132] - autoCommit......................true
2024-08-25 17:51:29,773 DEBUG [main][HikariConfig.java:1132] - autoCommit......................true
2024-08-25 17:51:29,773 DEBUG [main][HikariConfig.java:1132] - catalog.........................none
2024-08-25 17:51:29,773 DEBUG [main][HikariConfig.java:1132] - catalog.........................none
2024-08-25 17:51:29,774 DEBUG [main][HikariConfig.java:1132] - connectionInitSql...............none
2024-08-25 17:51:29,774 DEBUG [main][HikariConfig.java:1132] - connectionInitSql...............none
2024-08-25 17:51:29,774 DEBUG [main][HikariConfig.java:1132] - connectionTestQuery.............none
2024-08-25 17:51:29,774 DEBUG [main][HikariConfig.java:1132] - connectionTestQuery.............none
2024-08-25 17:51:29,775 DEBUG [main][HikariConfig.java:1132] - connectionTimeout...............30000
2024-08-25 17:51:29,775 DEBUG [main][HikariConfig.java:1132] - connectionTimeout...............30000
2024-08-25 17:51:29,775 DEBUG [main][HikariConfig.java:1132] - dataSource......................none
2024-08-25 17:51:29,775 DEBUG [main][HikariConfig.java:1132] - dataSource......................none
2024-08-25 17:51:29,775 DEBUG [main][HikariConfig.java:1132] - dataSourceClassName.............none
2024-08-25 17:51:29,775 DEBUG [main][HikariConfig.java:1132] - dataSourceClassName.............none
2024-08-25 17:51:29,776 DEBUG [main][HikariConfig.java:1132] - dataSourceJNDI..................none
2024-08-25 17:51:29,776 DEBUG [main][HikariConfig.java:1132] - dataSourceJNDI..................none
2024-08-25 17:51:29,776 DEBUG [main][HikariConfig.java:1132] - dataSourceProperties............{password=<masked>}
2024-08-25 17:51:29,776 DEBUG [main][HikariConfig.java:1132] - dataSourceProperties............{password=<masked>}
2024-08-25 17:51:29,777 DEBUG [main][HikariConfig.java:1132] - driverClassName................."com.mysql.cj.jdbc.Driver"
2024-08-25 17:51:29,777 DEBUG [main][HikariConfig.java:1132] - driverClassName................."com.mysql.cj.jdbc.Driver"
2024-08-25 17:51:29,777 DEBUG [main][HikariConfig.java:1132] - exceptionOverrideClassName......none
2024-08-25 17:51:29,777 DEBUG [main][HikariConfig.java:1132] - exceptionOverrideClassName......none
2024-08-25 17:51:29,778 DEBUG [main][HikariConfig.java:1132] - healthCheckProperties...........{}
2024-08-25 17:51:29,778 DEBUG [main][HikariConfig.java:1132] - healthCheckProperties...........{}
2024-08-25 17:51:29,778 DEBUG [main][HikariConfig.java:1132] - healthCheckRegistry.............none
2024-08-25 17:51:29,778 DEBUG [main][HikariConfig.java:1132] - healthCheckRegistry.............none
2024-08-25 17:51:29,778 DEBUG [main][HikariConfig.java:1132] - idleTimeout.....................600000
2024-08-25 17:51:29,778 DEBUG [main][HikariConfig.java:1132] - idleTimeout.....................600000
2024-08-25 17:51:29,778 DEBUG [main][HikariConfig.java:1132] - initializationFailTimeout.......1
2024-08-25 17:51:29,778 DEBUG [main][HikariConfig.java:1132] - initializationFailTimeout.......1
2024-08-25 17:51:29,779 DEBUG [main][HikariConfig.java:1132] - isolateInternalQueries..........false
2024-08-25 17:51:29,779 DEBUG [main][HikariConfig.java:1132] - isolateInternalQueries..........false
2024-08-25 17:51:29,779 DEBUG [main][HikariConfig.java:1132] - jdbcUrl.........................jdbc:mysql://127.0.0.1:3306/raggie_content?serverTimezone=UTC&userUnicode=true&useSSL=false
2024-08-25 17:51:29,779 DEBUG [main][HikariConfig.java:1132] - jdbcUrl.........................jdbc:mysql://127.0.0.1:3306/raggie_content?serverTimezone=UTC&userUnicode=true&useSSL=false
2024-08-25 17:51:29,779 DEBUG [main][HikariConfig.java:1132] - keepaliveTime...................0
2024-08-25 17:51:29,779 DEBUG [main][HikariConfig.java:1132] - keepaliveTime...................0
2024-08-25 17:51:29,780 DEBUG [main][HikariConfig.java:1132] - leakDetectionThreshold..........0
2024-08-25 17:51:29,780 DEBUG [main][HikariConfig.java:1132] - leakDetectionThreshold..........0
2024-08-25 17:51:29,780 DEBUG [main][HikariConfig.java:1132] - maxLifetime.....................1800000
2024-08-25 17:51:29,780 DEBUG [main][HikariConfig.java:1132] - maxLifetime.....................1800000
2024-08-25 17:51:29,780 DEBUG [main][HikariConfig.java:1132] - maximumPoolSize.................10
2024-08-25 17:51:29,780 DEBUG [main][HikariConfig.java:1132] - maximumPoolSize.................10
2024-08-25 17:51:29,781 DEBUG [main][HikariConfig.java:1132] - metricRegistry..................none
2024-08-25 17:51:29,781 DEBUG [main][HikariConfig.java:1132] - metricRegistry..................none
2024-08-25 17:51:29,781 DEBUG [main][HikariConfig.java:1132] - metricsTrackerFactory...........none
2024-08-25 17:51:29,781 DEBUG [main][HikariConfig.java:1132] - metricsTrackerFactory...........none
2024-08-25 17:51:29,781 DEBUG [main][HikariConfig.java:1132] - minimumIdle.....................10
2024-08-25 17:51:29,781 DEBUG [main][HikariConfig.java:1132] - minimumIdle.....................10
2024-08-25 17:51:29,782 DEBUG [main][HikariConfig.java:1132] - password........................<masked>
2024-08-25 17:51:29,782 DEBUG [main][HikariConfig.java:1132] - password........................<masked>
2024-08-25 17:51:29,782 DEBUG [main][HikariConfig.java:1132] - poolName........................"HikariPool-1"
2024-08-25 17:51:29,782 DEBUG [main][HikariConfig.java:1132] - poolName........................"HikariPool-1"
2024-08-25 17:51:29,782 DEBUG [main][HikariConfig.java:1132] - readOnly........................false
2024-08-25 17:51:29,782 DEBUG [main][HikariConfig.java:1132] - readOnly........................false
2024-08-25 17:51:29,783 DEBUG [main][HikariConfig.java:1132] - registerMbeans..................false
2024-08-25 17:51:29,783 DEBUG [main][HikariConfig.java:1132] - registerMbeans..................false
2024-08-25 17:51:29,784 DEBUG [main][HikariConfig.java:1132] - scheduledExecutor...............none
2024-08-25 17:51:29,784 DEBUG [main][HikariConfig.java:1132] - scheduledExecutor...............none
2024-08-25 17:51:29,784 DEBUG [main][HikariConfig.java:1132] - schema..........................none
2024-08-25 17:51:29,784 DEBUG [main][HikariConfig.java:1132] - schema..........................none
2024-08-25 17:51:29,784 DEBUG [main][HikariConfig.java:1132] - threadFactory...................internal
2024-08-25 17:51:29,784 DEBUG [main][HikariConfig.java:1132] - threadFactory...................internal
2024-08-25 17:51:29,785 DEBUG [main][HikariConfig.java:1132] - transactionIsolation............default
2024-08-25 17:51:29,785 DEBUG [main][HikariConfig.java:1132] - transactionIsolation............default
2024-08-25 17:51:29,785 DEBUG [main][HikariConfig.java:1132] - username........................"root"
2024-08-25 17:51:29,785 DEBUG [main][HikariConfig.java:1132] - username........................"root"
2024-08-25 17:51:29,786 DEBUG [main][HikariConfig.java:1132] - validationTimeout...............5000
2024-08-25 17:51:29,786 INFO [main][HikariDataSource.java:110] - HikariPool-1 - Starting...
2024-08-25 17:51:29,786 DEBUG [main][HikariConfig.java:1132] - validationTimeout...............5000
2024-08-25 17:51:29,786 INFO [main][HikariDataSource.java:110] - HikariPool-1 - Starting...
2024-08-25 17:51:29,887 INFO [main][HikariPool.java:565] - HikariPool-1 - Added connection com.mysql.cj.jdbc.ConnectionImpl@67e4928c
2024-08-25 17:51:29,887 INFO [main][HikariPool.java:565] - HikariPool-1 - Added connection com.mysql.cj.jdbc.ConnectionImpl@67e4928c
2024-08-25 17:51:29,889 INFO [main][HikariDataSource.java:123] - HikariPool-1 - Start completed.
2024-08-25 17:51:29,889 INFO [main][HikariDataSource.java:123] - HikariPool-1 - Start completed.
2024-08-25 17:51:29,894 DEBUG [main][BaseJdbcLogger.java:135] - ==>  Preparing: SELECT COUNT(*) AS total FROM course_base WHERE (name LIKE ? AND audit_status = ?)
2024-08-25 17:51:29,894 DEBUG [main][BaseJdbcLogger.java:135] - ==>  Preparing: SELECT COUNT(*) AS total FROM course_base WHERE (name LIKE ? AND audit_status = ?)
2024-08-25 17:51:29,907 DEBUG [main][BaseJdbcLogger.java:135] - ==> Parameters: %java%(String), 202004(String)
2024-08-25 17:51:29,907 DEBUG [main][BaseJdbcLogger.java:135] - ==> Parameters: %java%(String), 202004(String)
2024-08-25 17:51:29,920 DEBUG [main][BaseJdbcLogger.java:135] - <==      Total: 1
2024-08-25 17:51:29,920 DEBUG [main][BaseJdbcLogger.java:135] - <==      Total: 1
2024-08-25 17:51:29,924 DEBUG [main][BaseJdbcLogger.java:135] - ==>  Preparing: SELECT id,company_id,company_name,name,users,tags,mt,st,grade,teachmode,description,pic,create_date,change_date,create_people,change_people,audit_status,status FROM course_base WHERE (name LIKE ? AND audit_status = ?) LIMIT ?,?
2024-08-25 17:51:29,924 DEBUG [main][BaseJdbcLogger.java:135] - ==>  Preparing: SELECT id,company_id,company_name,name,users,tags,mt,st,grade,teachmode,description,pic,create_date,change_date,create_people,change_people,audit_status,status FROM course_base WHERE (name LIKE ? AND audit_status = ?) LIMIT ?,?
2024-08-25 17:51:29,925 DEBUG [main][BaseJdbcLogger.java:135] - ==> Parameters: %java%(String), 202004(String), 2(Long), 2(Long)
2024-08-25 17:51:29,925 DEBUG [main][BaseJdbcLogger.java:135] - ==> Parameters: %java%(String), 202004(String), 2(Long), 2(Long)
2024-08-25 17:51:29,930 DEBUG [main][BaseJdbcLogger.java:135] - <==      Total: 2
2024-08-25 17:51:29,930 DEBUG [main][BaseJdbcLogger.java:135] - <==      Total: 2
2024-08-25 17:51:29,944 INFO [main][ContentBaseInfoServiceTests.java:32] - >>>> results: PageResult(items=[CourseBase(id=27, companyId=1232141425, companyName=null, name=Javascript之VueJS, users=所有人, tags=null, mt=1-1, st=1-1-9, grade=200002, teachmode=200002, description=Vue系列课程：从Vue1.0讲到Vue2.0，从理论讲到实战，理论与案例巧妙结合，让课程更容易理解！, pic=https://cdn.educba.com/academy/wp-content/uploads/2018/08/Spring-BOOT-Interview-questions.jpg, createDate=2019-09-04T09:56:19, changeDate=null, createPeople=null, changePeople=null, auditStatus=202004, status=203001), CourseBase(id=71, companyId=1232141425, companyName=, name=java入门, users=初学者, tags=java, mt=1-3, st=1-3-2, grade=204001, teachmode=200002, description=java入门, pic=http://r3zc5rung.hd-bkt.clouddn.com/d8ff4b26-3611-486b-b101-dd14646e1316CpWXDoUKfAkzdYlM, createDate=2021-12-17T22:28:35, changeDate=2021-12-21T00:27:10, createPeople=, changePeople=, auditStatus=202004, status=203001)], counts=4, page=2, pageSize=2)
2024-08-25 17:51:29,944 INFO [main][ContentBaseInfoServiceTests.java:32] - >>>> results: PageResult(items=[CourseBase(id=27, companyId=1232141425, companyName=null, name=Javascript之VueJS, users=所有人, tags=null, mt=1-1, st=1-1-9, grade=200002, teachmode=200002, description=Vue系列课程：从Vue1.0讲到Vue2.0，从理论讲到实战，理论与案例巧妙结合，让课程更容易理解！, pic=https://cdn.educba.com/academy/wp-content/uploads/2018/08/Spring-BOOT-Interview-questions.jpg, createDate=2019-09-04T09:56:19, changeDate=null, createPeople=null, changePeople=null, auditStatus=202004, status=203001), CourseBase(id=71, companyId=1232141425, companyName=, name=java入门, users=初学者, tags=java, mt=1-3, st=1-3-2, grade=204001, teachmode=200002, description=java入门, pic=http://r3zc5rung.hd-bkt.clouddn.com/d8ff4b26-3611-486b-b101-dd14646e1316CpWXDoUKfAkzdYlM, createDate=2021-12-17T22:28:35, changeDate=2021-12-21T00:27:10, createPeople=, changePeople=, auditStatus=202004, status=203001)], counts=4, page=2, pageSize=2)
2024-08-25 17:51:29,964 INFO [SpringApplicationShutdownHook][HikariDataSource.java:350] - HikariPool-1 - Shutdown initiated...
2024-08-25 17:51:29,964 INFO [SpringApplicationShutdownHook][HikariDataSource.java:350] - HikariPool-1 - Shutdown initiated...
2024-08-25 17:51:29,964 DEBUG [SpringApplicationShutdownHook][HikariPool.java:414] - HikariPool-1 - Before shutdown stats (total=1, active=0, idle=1, waiting=0)
2024-08-25 17:51:29,964 DEBUG [SpringApplicationShutdownHook][HikariPool.java:414] - HikariPool-1 - Before shutdown stats (total=1, active=0, idle=1, waiting=0)
2024-08-25 17:51:29,966 DEBUG [HikariPool-1 connection closer][PoolBase.java:132] - HikariPool-1 - Closing connection com.mysql.cj.jdbc.ConnectionImpl@67e4928c: (connection evicted)
2024-08-25 17:51:29,966 DEBUG [HikariPool-1 connection closer][PoolBase.java:132] - HikariPool-1 - Closing connection com.mysql.cj.jdbc.ConnectionImpl@67e4928c: (connection evicted)
2024-08-25 17:51:29,969 DEBUG [SpringApplicationShutdownHook][HikariPool.java:414] - HikariPool-1 - After shutdown stats (total=0, active=0, idle=0, waiting=0)
2024-08-25 17:51:29,969 DEBUG [SpringApplicationShutdownHook][HikariPool.java:414] - HikariPool-1 - After shutdown stats (total=0, active=0, idle=0, waiting=0)
2024-08-25 17:51:29,970 INFO [SpringApplicationShutdownHook][HikariDataSource.java:352] - HikariPool-1 - Shutdown completed.
2024-08-25 17:51:29,970 INFO [SpringApplicationShutdownHook][HikariDataSource.java:352] - HikariPool-1 - Shutdown completed.
